./Space_Standards_DWG_Charter.err errors


== Document Attributes

(): 'book' is not a legal document type: reverting to 'standard'
(): '' is not a permitted subtype of Standard: reverting to 'implementation'
(): Version required for standard


== AsciiDoc Input

(ID _flexible_image_transport_system_fits): Section not marked up as [bibliography]!
	#<Asciidoctor::Section@504420 {level: 2, title: "6.1. Flexible Image Transport System (FITS)", blocks: 1}>
(ID _references): Section not marked up as [bibliography]!
	#<Asciidoctor::Section@504400 {level: 1, title: "6. References", blocks: 5}>


== Style

(): Abstract is missing!
(): Keywords are missing!
(): Submitting Organizations is missing!
(): Submitters is missing!
(): Prefatory material must be followed by (clause) Scope
(): Scope must be followed by Conformance
(): Normative References must be followed by Terms and Definitions


== Metanorma XML Style Warning

(XML Line 000013): Table should have title
	<table id="_63c21105-69f6-1f11-7716-d23c27140504"><tbody><tr><td valign="middle" align="right"/></tr><tr><td valign="middle" align="right"><strong>Open Geospatial Consortium</strong></td>
	</tr><tr><td valign="middle" align="right">Submission Date: 2023-06-08</td>
	</tr><tr><td valign="middle" align="right">Approval Date:   2023-06-08</td>
	</tr><tr><td valign="middle" align="right">Internal reference number of this OGC® document:    23-041r0</td>
	</tr><tr><td valign="middle" align="right">Category: OGC® Domain Working Group Charter</td>
(XML Line 000022): Table should have title
	<table id="_0b9287c9-cde4-4b0c-f1f8-97455fc065c7"><tbody><tr><td valign="middle" align="center"><strong>OGC Space Standards Domain Working Group Charter</strong></td>
	</tr></tbody>
	</table>
(XML Line 000026): Table should have title
	<table id="_a71936af-a82b-5f0e-c573-c72320f00f64"><tbody><tr><td valign="middle" align="center"><strong>Copyright notice</strong></td>
	</tr><tr><td valign="middle" align="center">Copyright © 2023 Open Geospatial Consortium</td>
	</tr><tr><td valign="middle" align="center">To obtain additional rights of use, visit <link target="http://www.opengeospatial.org/legal/"/></td>
	</tr></tbody>
	</table>
(XML Line 000033): Hanging paragraph in clause
	<clause id="_introduction" obligation="normative">
	<title>Introduction</title>
	<p id="_650da7fb-8715-3b73-da6e-163d5ff9938b">This Domain Working Group (DWG) charter defines the role for OGC activities within the Space domain and to provide an open forum for the discussion and presentation of interoperability requirements, use cases, pilots, and implementations of OGC Standards in this domain. This Charter is to be presented to the OGC’s Technical and Planning Committees for consideration.</p>
	
	<p id="_f9ad2df7-c375-6968-6c07-36755ec495ab">Domains are distinct Information Communities that defines a user domain where:</p>
(XML Line 000099): Table should have title
	<table id="_8601caf9-2392-2e7b-b81d-878af3fe17b1"><tbody><tr><td valign="middle" align="center">Name</td>
	<td valign="middle" align="center">Email</td>
	<td valign="middle" align="center">Organization</td>
	</tr><tr><td valign="middle" align="left">Charles Heazel</td>
	<td valign="middle" align="center"><link target="mailto:cheazel@heazeltech.com"/></td>
(XML Line 000157): Hanging paragraph in clause
	<clause id="_references" obligation="informative">
	<title>Normative references</title><p id="_f87591fa-f71f-796e-5796-2aaa5ce28be1">The following documents are referred to in the text in such a way that some or all of their content constitutes requirements of this document. For dated references, only the edition cited applies. For undated references, the latest edition of the referenced document (including any amendments) applies.</p>
	<p id="_69e65bd5-784c-d892-57db-22fe32d4f96c">Some of the resources relevant to the work of this DWG are described below.</p>
	
	<references id="_flexible_image_transport_system_fits" normative="true" obligation="informative">


== Metanorma XML Syntax

(XML Line 000009:113): element "ext" incomplete; missing required element "editorialgroup"
(XML Line 000151:116): element "clause" not allowed here; expected the element end-tag or element "submitters"
(XML Line 000294:96): element "clause" not allowed here; expected the element end-tag or element "references"
(XML Line 000315:59): element "clause" not allowed here; expected the element end-tag or element "references"
(XML Line 000322:73): element "clause" not allowed here; expected the element end-tag or element "references"
